{"level":"info","message":"in routes - authenticate ","timestamp":"14:13:17"}
{"level":"info","message":"Token: eyJhbGciOiJIUzI1NiIsInR5cCI6IkpXVCJ9.eyJfaWQiOiI1YWEwMmU5NDZkMjBjODAwMTQxYjk1NDEiLCJhY2Nlc3MiOiJhdXRoIiwiaWF0IjoxNTIwNTE5Mzg1fQ.5DZDj6ZCI6d9U-qKKvPVabIBQ7rFIoW92rL6dyDf06M","timestamp":"14:13:17"}
{"level":"info","message":"Token Received : eyJhbGciOiJIUzI1NiIsInR5cCI6IkpXVCJ9.eyJfaWQiOiI1YWEwMmU5NDZkMjBjODAwMTQxYjk1NDEiLCJhY2Nlc3MiOiJhdXRoIiwiaWF0IjoxNTIwNTE5Mzg1fQ.5DZDj6ZCI6d9U-qKKvPVabIBQ7rFIoW92rL6dyDf06M","timestamp":"14:13:17"}
{"level":"info","message":"in routes - upload/video : ","timestamp":"14:13:17"}
{"level":"info","message":"User Received After Authetication: saifullah19q9@gmail.com","timestamp":"14:13:17"}
{"level":"info","message":"File Is uploaded","timestamp":"14:13:19"}
{"level":"info","message":"in routes - authenticate ","timestamp":"14:13:59"}
{"level":"info","message":"Token: eyJhbGciOiJIUzI1NiIsInR5cCI6IkpXVCJ9.eyJfaWQiOiI1YWEwMmU5NDZkMjBjODAwMTQxYjk1NDEiLCJhY2Nlc3MiOiJhdXRoIiwiaWF0IjoxNTIwNTE5Mzg1fQ.5DZDj6ZCI6d9U-qKKvPVabIBQ7rFIoW92rL6dyDf06M","timestamp":"14:13:59"}
{"level":"info","message":"Token Received : eyJhbGciOiJIUzI1NiIsInR5cCI6IkpXVCJ9.eyJfaWQiOiI1YWEwMmU5NDZkMjBjODAwMTQxYjk1NDEiLCJhY2Nlc3MiOiJhdXRoIiwiaWF0IjoxNTIwNTE5Mzg1fQ.5DZDj6ZCI6d9U-qKKvPVabIBQ7rFIoW92rL6dyDf06M","timestamp":"14:13:59"}
{"level":"info","message":"in routes - upload/video : ","timestamp":"14:14:01"}
{"level":"info","message":"User Received After Authetication: saifullah19q9@gmail.com","timestamp":"14:14:01"}
{"level":"info","message":"File Is uploaded","timestamp":"14:14:01"}
{"level":"info","message":"in routes - authenticate ","timestamp":"14:17:41"}
{"level":"info","message":"Token: eyJhbGciOiJIUzI1NiIsInR5cCI6IkpXVCJ9.eyJfaWQiOiI1YWEwMmU5NDZkMjBjODAwMTQxYjk1NDEiLCJhY2Nlc3MiOiJhdXRoIiwiaWF0IjoxNTIwNTE5Mzg1fQ.5DZDj6ZCI6d9U-qKKvPVabIBQ7rFIoW92rL6dyDf06M","timestamp":"14:17:41"}
{"level":"info","message":"Token Received : eyJhbGciOiJIUzI1NiIsInR5cCI6IkpXVCJ9.eyJfaWQiOiI1YWEwMmU5NDZkMjBjODAwMTQxYjk1NDEiLCJhY2Nlc3MiOiJhdXRoIiwiaWF0IjoxNTIwNTE5Mzg1fQ.5DZDj6ZCI6d9U-qKKvPVabIBQ7rFIoW92rL6dyDf06M","timestamp":"14:17:41"}
{"level":"info","message":"in routes - upload/video : ","timestamp":"14:17:41"}
{"level":"info","message":"User Received After Authetication: saifullah19q9@gmail.com","timestamp":"14:17:41"}
{"level":"info","message":"File Is uploaded","timestamp":"14:17:41"}
{"level":"info","message":"in routes - authenticate ","timestamp":"14:20:27"}
{"level":"info","message":"Token: eyJhbGciOiJIUzI1NiIsInR5cCI6IkpXVCJ9.eyJfaWQiOiI1YWEwMmU5NDZkMjBjODAwMTQxYjk1NDEiLCJhY2Nlc3MiOiJhdXRoIiwiaWF0IjoxNTIwNTE5Mzg1fQ.5DZDj6ZCI6d9U-qKKvPVabIBQ7rFIoW92rL6dyDf06M","timestamp":"14:20:27"}
{"level":"info","message":"Token Received : eyJhbGciOiJIUzI1NiIsInR5cCI6IkpXVCJ9.eyJfaWQiOiI1YWEwMmU5NDZkMjBjODAwMTQxYjk1NDEiLCJhY2Nlc3MiOiJhdXRoIiwiaWF0IjoxNTIwNTE5Mzg1fQ.5DZDj6ZCI6d9U-qKKvPVabIBQ7rFIoW92rL6dyDf06M","timestamp":"14:20:27"}
{"level":"info","message":"in routes - upload/video : ","timestamp":"14:20:30"}
{"level":"info","message":"User Received After Authetication: saifullah19q9@gmail.com","timestamp":"14:20:30"}
{"level":"info","message":"File Is uploaded","timestamp":"14:20:30"}
{"level":"info","message":"in routes - authenticate ","timestamp":"14:21:34"}
{"level":"info","message":"Token: eyJhbGciOiJIUzI1NiIsInR5cCI6IkpXVCJ9.eyJfaWQiOiI1YWEwMmU5NDZkMjBjODAwMTQxYjk1NDEiLCJhY2Nlc3MiOiJhdXRoIiwiaWF0IjoxNTIwNTE5Mzg1fQ.5DZDj6ZCI6d9U-qKKvPVabIBQ7rFIoW92rL6dyDf06M","timestamp":"14:21:34"}
{"level":"info","message":"Token Received : eyJhbGciOiJIUzI1NiIsInR5cCI6IkpXVCJ9.eyJfaWQiOiI1YWEwMmU5NDZkMjBjODAwMTQxYjk1NDEiLCJhY2Nlc3MiOiJhdXRoIiwiaWF0IjoxNTIwNTE5Mzg1fQ.5DZDj6ZCI6d9U-qKKvPVabIBQ7rFIoW92rL6dyDf06M","timestamp":"14:21:34"}
{"level":"info","message":"in routes - upload/video : ","timestamp":"14:21:35"}
{"level":"info","message":"User Received After Authetication: saifullah19q9@gmail.com","timestamp":"14:21:35"}
{"level":"info","message":"File Is uploaded","timestamp":"14:21:35"}
{"level":"info","message":"in routes - authenticate ","timestamp":"14:28:31"}
{"level":"info","message":"Token: eyJhbGciOiJIUzI1NiIsInR5cCI6IkpXVCJ9.eyJfaWQiOiI1YWEwMmU5NDZkMjBjODAwMTQxYjk1NDEiLCJhY2Nlc3MiOiJhdXRoIiwiaWF0IjoxNTIwNTE5Mzg1fQ.5DZDj6ZCI6d9U-qKKvPVabIBQ7rFIoW92rL6dyDf06M","timestamp":"14:28:31"}
{"level":"info","message":"Token Received : eyJhbGciOiJIUzI1NiIsInR5cCI6IkpXVCJ9.eyJfaWQiOiI1YWEwMmU5NDZkMjBjODAwMTQxYjk1NDEiLCJhY2Nlc3MiOiJhdXRoIiwiaWF0IjoxNTIwNTE5Mzg1fQ.5DZDj6ZCI6d9U-qKKvPVabIBQ7rFIoW92rL6dyDf06M","timestamp":"14:28:31"}
{"level":"info","message":"in routes - upload/video : ","timestamp":"14:28:31"}
{"level":"info","message":"User Received After Authetication: saifullah19q9@gmail.com","timestamp":"14:28:31"}
{"level":"info","message":"File Is uploaded","timestamp":"14:28:32"}
{"level":"info","message":"in routes - authenticate ","timestamp":"14:31:11"}
{"level":"info","message":"Token: eyJhbGciOiJIUzI1NiIsInR5cCI6IkpXVCJ9.eyJfaWQiOiI1YWEwMmU5NDZkMjBjODAwMTQxYjk1NDEiLCJhY2Nlc3MiOiJhdXRoIiwiaWF0IjoxNTIwNTE5Mzg1fQ.5DZDj6ZCI6d9U-qKKvPVabIBQ7rFIoW92rL6dyDf06M","timestamp":"14:31:11"}
{"level":"info","message":"Token Received : eyJhbGciOiJIUzI1NiIsInR5cCI6IkpXVCJ9.eyJfaWQiOiI1YWEwMmU5NDZkMjBjODAwMTQxYjk1NDEiLCJhY2Nlc3MiOiJhdXRoIiwiaWF0IjoxNTIwNTE5Mzg1fQ.5DZDj6ZCI6d9U-qKKvPVabIBQ7rFIoW92rL6dyDf06M","timestamp":"14:31:11"}
{"level":"info","message":"in routes - upload/video : ","timestamp":"14:31:13"}
{"level":"info","message":"in routes - authenticate ","timestamp":"14:39:09"}
{"level":"info","message":"Token: eyJhbGciOiJIUzI1NiIsInR5cCI6IkpXVCJ9.eyJfaWQiOiI1YWEwMmU5NDZkMjBjODAwMTQxYjk1NDEiLCJhY2Nlc3MiOiJhdXRoIiwiaWF0IjoxNTIwNTE5Mzg1fQ.5DZDj6ZCI6d9U-qKKvPVabIBQ7rFIoW92rL6dyDf06M","timestamp":"14:39:09"}
{"level":"info","message":"Token Received : eyJhbGciOiJIUzI1NiIsInR5cCI6IkpXVCJ9.eyJfaWQiOiI1YWEwMmU5NDZkMjBjODAwMTQxYjk1NDEiLCJhY2Nlc3MiOiJhdXRoIiwiaWF0IjoxNTIwNTE5Mzg1fQ.5DZDj6ZCI6d9U-qKKvPVabIBQ7rFIoW92rL6dyDf06M","timestamp":"14:39:09"}
{"level":"info","message":"in routes - upload/video : ","timestamp":"14:39:10"}
{"level":"info","message":"User Received After Authetication: saifullah19q9@gmail.com","timestamp":"14:39:10"}
{"level":"info","message":"File Is uploaded","timestamp":"14:39:10"}
{"level":"info","message":"in routes - authenticate ","timestamp":"14:45:23"}
{"level":"info","message":"Token: eyJhbGciOiJIUzI1NiIsInR5cCI6IkpXVCJ9.eyJfaWQiOiI1YWEwMmU5NDZkMjBjODAwMTQxYjk1NDEiLCJhY2Nlc3MiOiJhdXRoIiwiaWF0IjoxNTIwNTE5Mzg1fQ.5DZDj6ZCI6d9U-qKKvPVabIBQ7rFIoW92rL6dyDf06M","timestamp":"14:45:23"}
{"level":"info","message":"Token Received : eyJhbGciOiJIUzI1NiIsInR5cCI6IkpXVCJ9.eyJfaWQiOiI1YWEwMmU5NDZkMjBjODAwMTQxYjk1NDEiLCJhY2Nlc3MiOiJhdXRoIiwiaWF0IjoxNTIwNTE5Mzg1fQ.5DZDj6ZCI6d9U-qKKvPVabIBQ7rFIoW92rL6dyDf06M","timestamp":"14:45:23"}
{"level":"info","message":"in routes - upload/video : ","timestamp":"14:45:24"}
{"level":"info","message":"User Received After Authetication: saifullah19q9@gmail.com","timestamp":"14:45:24"}
{"level":"info","message":"File Is uploaded","timestamp":"14:45:24"}
{"level":"info","message":"in routes - authenticate ","timestamp":"14:56:44"}
{"level":"info","message":"Token: eyJhbGciOiJIUzI1NiIsInR5cCI6IkpXVCJ9.eyJfaWQiOiI1YWEwMmU5NDZkMjBjODAwMTQxYjk1NDEiLCJhY2Nlc3MiOiJhdXRoIiwiaWF0IjoxNTIwNTE5Mzg1fQ.5DZDj6ZCI6d9U-qKKvPVabIBQ7rFIoW92rL6dyDf06M","timestamp":"14:56:44"}
{"level":"info","message":"Token Received : eyJhbGciOiJIUzI1NiIsInR5cCI6IkpXVCJ9.eyJfaWQiOiI1YWEwMmU5NDZkMjBjODAwMTQxYjk1NDEiLCJhY2Nlc3MiOiJhdXRoIiwiaWF0IjoxNTIwNTE5Mzg1fQ.5DZDj6ZCI6d9U-qKKvPVabIBQ7rFIoW92rL6dyDf06M","timestamp":"14:56:44"}
{"level":"info","message":"in routes - upload/video : ","timestamp":"14:56:45"}
{"level":"info","message":"User Received After Authetication: saifullah19q9@gmail.com","timestamp":"14:56:45"}
{"level":"info","message":"File Is uploaded","timestamp":"14:56:45"}
{"level":"info","message":" ","timestamp":"14:56:45"}
{"level":"info","message":"User Received After Authetication: 5aa02e946d20c800141b9541","timestamp":"14:56:45"}
{"level":"info","message":"Setting tempFileNameto Null","timestamp":"14:56:45"}
{"level":"info","message":"New Post Created","timestamp":"14:56:45"}
{"level":"verbose","message":"register-POST called ","timestamp":"15:04:48"}
{"level":"info","message":"in routes /register ","timestamp":"15:04:48"}
{"level":"info","message":"RegistrationController.register called  :saifullah19q9@gmail.com","timestamp":"15:04:48"}
{"level":"info","message":"UserExists Method Called","timestamp":"15:04:48"}
{"level":"info","message":" Exit UserExists Method","timestamp":"15:04:48"}
{"level":"info","message":" End RegistrationController.register Method","timestamp":"15:04:48"}
{"level":"info","message":"User Found with Email :saifullah19q9@gmail.com","timestamp":"15:04:48"}
{"level":"info","message":"User Exists Response : { _id: 5aa02e946d20c800141b9541,\n  updatedAt: 2018-03-09T03:25:21.083Z,\n  createdAt: 2018-03-07T18:25:24.240Z,\n  email: 'saifullah19q9@gmail.com',\n  password: '$2a$10$0sQsa3a5bhugQrSrXgLb4uWkENQ39.SNrfJnFTTHf2urp8Reaq1c6',\n  user_type: 'mentor',\n  OS: 'Android',\n  verified_user: false,\n  __v: 4,\n  deactivate_user: false,\n  tokens: \n   [ { access: 'auth',\n       token: 'eyJhbGciOiJIUzI1NiIsInR5cCI6IkpXVCJ9.eyJfaWQiOiI1YWEwMmU5NDZkMjBjODAwMTQxYjk1NDEiLCJhY2Nlc3MiOiJhdXRoIiwiaWF0IjoxNTIwNDQ3MTI0fQ.i1MblD2V-09_pgwLbkN1KFFdT635ChU9KTMh7y9NAB4',\n       _id: 5aa02e946d20c800141b9543 },\n     { access: 'auth',\n       token: 'eyJhbGciOiJIUzI1NiIsInR5cCI6IkpXVCJ9.eyJfaWQiOiI1YWEwMmU5NDZkMjBjODAwMTQxYjk1NDEiLCJhY2Nlc3MiOiJhdXRoIiwiaWF0IjoxNTIwNDQ3Mjc0fQ.hlPDp63DuPhXQbPbbdYZFZH0z0aJCA8gjylAQi0q_RI',\n       _id: 5aa02f2a6d20c800141b9544 },\n     { access: 'auth',\n       token: 'eyJhbGciOiJIUzI1NiIsInR5cCI6IkpXVCJ9.eyJfaWQiOiI1YWEwMmU5NDZkMjBjODAwMTQxYjk1NDEiLCJhY2Nlc3MiOiJhdXRoIiwiaWF0IjoxNTIwNTE5Mzg1fQ.5DZDj6ZCI6d9U-qKKvPVabIBQ7rFIoW92rL6dyDf06M',\n       _id: 5aa148d91d126400140b8e6e },\n     { access: 'auth',\n       token: 'eyJhbGciOiJIUzI1NiIsInR5cCI6IkpXVCJ9.eyJfaWQiOiI1YWEwMmU5NDZkMjBjODAwMTQxYjk1NDEiLCJhY2Nlc3MiOiJhdXRoIiwiaWF0IjoxNTIwNTY1OTIxfQ.MzFEeUQpu8uSaIEuHMXxbcWIFTyMeLvHPbSmnW78_0Q',\n       _id: 5aa1fea10e8a0000144c2efe } ],\n  profile_photo_url: null }","timestamp":"15:04:48"}
{"level":"verbose","message":"register-POST called ","timestamp":"15:04:53"}
{"level":"info","message":"in routes /register ","timestamp":"15:04:53"}
{"level":"info","message":"RegistrationController.register called  :saifullah19wwq9@gmail.com","timestamp":"15:04:53"}
{"level":"info","message":"UserExists Method Called","timestamp":"15:04:53"}
{"level":"info","message":" Exit UserExists Method","timestamp":"15:04:53"}
{"level":"info","message":" End RegistrationController.register Method","timestamp":"15:04:53"}
{"level":"info","message":"User Not Found with Email :saifullah19wwq9@gmail.com","timestamp":"15:04:53"}
{"level":"info","message":"User Exists Response : null","timestamp":"15:04:53"}
{"level":"info","message":"Creation New User","timestamp":"15:04:53"}
{"level":"verbose","message":"register-POST called ","timestamp":"15:07:46"}
{"level":"info","message":"in routes /register ","timestamp":"15:07:46"}
{"level":"info","message":"RegistrationController.register called  :qwee@gmail.com","timestamp":"15:07:46"}
{"level":"info","message":"UserExists Method Called","timestamp":"15:07:46"}
{"level":"info","message":" Exit UserExists Method","timestamp":"15:07:46"}
{"level":"info","message":" End RegistrationController.register Method","timestamp":"15:07:46"}
{"level":"info","message":"User Not Found with Email :qwee@gmail.com","timestamp":"15:07:46"}
{"level":"info","message":"User Exists Response : null","timestamp":"15:07:46"}
{"level":"info","message":"Creation New User","timestamp":"15:07:46"}
{"level":"verbose","message":"register-POST called ","timestamp":"15:09:43"}
{"level":"info","message":"in routes /register ","timestamp":"15:09:43"}
{"level":"info","message":"RegistrationController.register called  :qweeq@gmail.com","timestamp":"15:09:43"}
{"level":"info","message":"UserExists Method Called","timestamp":"15:09:43"}
{"level":"info","message":" Exit UserExists Method","timestamp":"15:09:43"}
{"level":"info","message":" End RegistrationController.register Method","timestamp":"15:09:43"}
{"level":"info","message":"User Not Found with Email :qweeq@gmail.com","timestamp":"15:09:43"}
{"level":"info","message":"User Exists Response : null","timestamp":"15:09:43"}
{"level":"info","message":"Creation New User","timestamp":"15:09:43"}
{"level":"verbose","message":"register-POST called ","timestamp":"15:12:54"}
{"level":"info","message":"in routes /register ","timestamp":"15:12:54"}
{"level":"info","message":"RegistrationController.register called  :qweeqw@gmail.com","timestamp":"15:12:54"}
{"level":"info","message":"UserExists Method Called","timestamp":"15:12:54"}
{"level":"info","message":" Exit UserExists Method","timestamp":"15:12:54"}
{"level":"info","message":" End RegistrationController.register Method","timestamp":"15:12:54"}
{"level":"info","message":"User Not Found with Email :qweeqw@gmail.com","timestamp":"15:12:54"}
{"level":"info","message":"User Exists Response : null","timestamp":"15:12:54"}
{"level":"info","message":"Creation New User","timestamp":"15:12:54"}
{"level":"verbose","message":"register-POST called ","timestamp":"15:13:32"}
{"level":"info","message":"in routes /register ","timestamp":"15:13:32"}
{"level":"info","message":"RegistrationController.register called  :qweeqw@gmail.com","timestamp":"15:13:32"}
{"level":"info","message":"UserExists Method Called","timestamp":"15:13:32"}
{"level":"info","message":" Exit UserExists Method","timestamp":"15:13:32"}
{"level":"info","message":" End RegistrationController.register Method","timestamp":"15:13:32"}
{"level":"info","message":"User Found with Email :qweeqw@gmail.com","timestamp":"15:13:34"}
{"level":"info","message":"User Exists Response : { _id: 5aa3afa697a9c233bc0d9b17,\n  updatedAt: 2018-03-10T10:12:55.319Z,\n  createdAt: 2018-03-10T10:12:54.905Z,\n  email: 'qweeqw@gmail.com',\n  password: '$2a$10$4aezSZp9Ed5kcD7.mukdnuvmu7b2MlOuZUvRTRD9kR8YLXVKB4Uaq',\n  user_type: 'mentor',\n  verified_user: false,\n  __v: 1,\n  deactivate_user: false,\n  tokens: \n   [ { access: 'auth',\n       token: 'eyJhbGciOiJIUzI1NiIsInR5cCI6IkpXVCJ9.eyJfaWQiOiI1YWEzYWZhNjk3YTljMjMzYmMwZDliMTciLCJhY2Nlc3MiOiJhdXRoIiwiaWF0IjoxNTIwNjc2Nzc1fQ.XTFSR971mt25Ym_r8j1UREo4IchRMwpkSZ36LyHuA6U',\n       _id: 5aa3afa797a9c233bc0d9b19 } ],\n  profile_photo_url: null }","timestamp":"15:13:34"}
{"level":"verbose","message":"register-POST called ","timestamp":"15:13:43"}
{"level":"info","message":"in routes /register ","timestamp":"15:13:43"}
{"level":"info","message":"RegistrationController.register called  :qweweqw@gmail.com","timestamp":"15:13:43"}
{"level":"info","message":"UserExists Method Called","timestamp":"15:13:43"}
{"level":"info","message":" Exit UserExists Method","timestamp":"15:13:43"}
{"level":"info","message":" End RegistrationController.register Method","timestamp":"15:13:43"}
{"level":"info","message":"User Not Found with Email :qweweqw@gmail.com","timestamp":"15:13:44"}
{"level":"info","message":"User Exists Response : null","timestamp":"15:13:44"}
{"level":"info","message":"Creation New User","timestamp":"15:13:44"}
{"level":"verbose","message":"register-POST called ","timestamp":"15:15:49"}
{"level":"info","message":"in routes /register ","timestamp":"15:15:49"}
{"level":"info","message":"RegistrationController.register called  :qwewewwqw@gmail.com","timestamp":"15:15:49"}
{"level":"info","message":"UserExists Method Called","timestamp":"15:15:49"}
{"level":"info","message":" Exit UserExists Method","timestamp":"15:15:49"}
{"level":"info","message":" End RegistrationController.register Method","timestamp":"15:15:49"}
{"level":"info","message":"User Not Found with Email :qwewewwqw@gmail.com","timestamp":"15:15:51"}
{"level":"info","message":"User Exists Response : null","timestamp":"15:15:51"}
{"level":"info","message":"Creation New User","timestamp":"15:15:51"}
{"level":"verbose","message":"register-POST called ","timestamp":"15:16:43"}
{"level":"info","message":"in routes /register ","timestamp":"15:16:43"}
{"level":"info","message":"RegistrationController.register called  :qwewsewwqw@gmail.com","timestamp":"15:16:43"}
{"level":"info","message":"UserExists Method Called","timestamp":"15:16:43"}
{"level":"info","message":" Exit UserExists Method","timestamp":"15:16:43"}
{"level":"info","message":" End RegistrationController.register Method","timestamp":"15:16:43"}
{"level":"info","message":"User Not Found with Email :qwewsewwqw@gmail.com","timestamp":"15:16:45"}
{"level":"info","message":"User Exists Response : null","timestamp":"15:16:45"}
{"level":"info","message":"Creation New User","timestamp":"15:16:45"}
{"level":"verbose","message":"register-POST called ","timestamp":"15:17:07"}
{"level":"info","message":"in routes /register ","timestamp":"15:17:07"}
{"level":"info","message":"RegistrationController.register called  :qwewsewwqw@gmail.com","timestamp":"15:17:07"}
{"level":"info","message":"UserExists Method Called","timestamp":"15:17:07"}
{"level":"info","message":" Exit UserExists Method","timestamp":"15:17:07"}
{"level":"info","message":" End RegistrationController.register Method","timestamp":"15:17:07"}
{"level":"info","message":"User Found with Email :qwewsewwqw@gmail.com","timestamp":"15:17:08"}
{"level":"info","message":"User Exists Response : { _id: 5aa3b08d898e272354aaa2ca,\n  updatedAt: 2018-03-10T10:16:46.841Z,\n  createdAt: 2018-03-10T10:16:45.796Z,\n  email: 'qwewsewwqw@gmail.com',\n  password: '$2a$10$X4PfkP.0WRZf5vgjeFxX7uYLqTtOfJkiFmul1kOZBBYXPCr9S0F5O',\n  user_type: 'mentor',\n  verified_user: false,\n  __v: 1,\n  deactivate_user: false,\n  tokens: \n   [ { access: 'auth',\n       token: 'eyJhbGciOiJIUzI1NiIsInR5cCI6IkpXVCJ9.eyJfaWQiOiI1YWEzYjA4ZDg5OGUyNzIzNTRhYWEyY2EiLCJhY2Nlc3MiOiJhdXRoIiwiaWF0IjoxNTIwNjc3MDA2fQ.cYjmp6_Nl_0CfoywLbyBAiEMecofDmStaQ5S0_03BQo',\n       _id: 5aa3b08e898e272354aaa2cc } ],\n  profile_photo_url: null }","timestamp":"15:17:08"}
{"level":"verbose","message":"register-POST called ","timestamp":"15:17:13"}
{"level":"info","message":"in routes /register ","timestamp":"15:17:13"}
{"level":"info","message":"RegistrationController.register called  :qweswsewwqw@gmail.com","timestamp":"15:17:13"}
{"level":"info","message":"UserExists Method Called","timestamp":"15:17:13"}
{"level":"info","message":" Exit UserExists Method","timestamp":"15:17:13"}
{"level":"info","message":" End RegistrationController.register Method","timestamp":"15:17:13"}
{"level":"info","message":"User Not Found with Email :qweswsewwqw@gmail.com","timestamp":"15:17:13"}
{"level":"info","message":"User Exists Response : null","timestamp":"15:17:13"}
{"level":"info","message":"Creation New User","timestamp":"15:17:13"}
{"message":"Error in saving User: ","stack":"ReferenceError: user is not defined\n    at newuser.save.then.then (C:\\Users\\DELL\\Documents\\EXAGIC\\NODE\\WTC-WebServices\\controller\\RegistrationController.js:167:28)\n    at <anonymous>\n    at process._tickCallback (internal/process/next_tick.js:169:7)","level":"info","timestamp":"15:17:14"}
{"level":"verbose","message":"register-POST called ","timestamp":"15:19:01"}
{"level":"info","message":"in routes /register ","timestamp":"15:19:02"}
{"level":"info","message":"RegistrationController.register called  :qweswwwsewwqw@gmail.com","timestamp":"15:19:02"}
{"level":"info","message":"UserExists Method Called","timestamp":"15:19:02"}
{"level":"info","message":" Exit UserExists Method","timestamp":"15:19:02"}
{"level":"info","message":" End RegistrationController.register Method","timestamp":"15:19:02"}
{"level":"info","message":"User Not Found with Email :qweswwwsewwqw@gmail.com","timestamp":"15:19:04"}
{"level":"info","message":"User Exists Response : null","timestamp":"15:19:04"}
{"level":"info","message":"Creation New User","timestamp":"15:19:04"}
{"level":"verbose","message":"register-POST called ","timestamp":"15:22:10"}
{"level":"info","message":"in routes /register ","timestamp":"15:22:10"}
{"level":"info","message":"RegistrationController.register called  :qweswwwsewwqwww@gmail.com","timestamp":"15:22:10"}
{"level":"info","message":"UserExists Method Called","timestamp":"15:22:10"}
{"level":"info","message":" Exit UserExists Method","timestamp":"15:22:10"}
{"level":"info","message":" End RegistrationController.register Method","timestamp":"15:22:10"}
{"level":"info","message":"User Not Found with Email :qweswwwsewwqwww@gmail.com","timestamp":"15:22:12"}
{"level":"info","message":"User Exists Response : null","timestamp":"15:22:12"}
{"level":"info","message":"Creation New User","timestamp":"15:22:12"}
{"level":"verbose","message":"login-POST called ","timestamp":"15:23:35"}
{"level":"info","message":"in routes /login ","timestamp":"15:23:35"}
{"level":"info","message":"RegistrationController.login called  :qweswwwsewwqwww@gmail.com","timestamp":"15:23:35"}
{"level":"info","message":" End RegistrationController.register Method","timestamp":"15:23:35"}
{"level":"verbose","message":"login-POST called ","timestamp":"15:24:35"}
{"level":"info","message":"in routes /login ","timestamp":"15:24:35"}
{"level":"info","message":"RegistrationController.login called  :qweswwwsewwqwww@gmail.com","timestamp":"15:24:35"}
{"level":"info","message":" End RegistrationController.register Method","timestamp":"15:24:35"}
