{"level":"info","message":"in routes - authenticate ","timestamp":"01:53:50"}
{"level":"info","message":"Token Received : eyJhbGciOiJIUzI1NiIsInR5cCI6IkpXVCJ9.eyJfaWQiOiI1YWEwMmU5NDZkMjBjODAwMTQxYjk1NDEiLCJhY2Nlc3MiOiJhdXRoIiwiaWF0IjoxNTIwNTE5Mzg1fQ.5DZDj6ZCI6d9U-qKKvPVabIBQ7rFIoW92rL6dyDf06M","timestamp":"01:53:50"}
{"level":"info","message":"User Received After Authetication: saifullah19q9@gmail.com","timestamp":"01:53:51"}
{"level":"info","message":"id : undefined","timestamp":"01:53:51"}
{"level":"info","message":"4 posts Found","timestamp":"01:53:51"}
{"level":"info","message":"In Valid Object Id","timestamp":"01:53:51"}
{"level":"info","message":"4Owners posts Found","timestamp":"01:53:51"}
{"level":"info","message":"Response Of ownersIdeas Method","timestamp":"01:53:51"}
{"level":"info","message":"in routes - authenticate ","timestamp":"01:54:43"}
{"level":"info","message":"Token Received : eyJhbGciOiJIUzI1NiIsInR5cCI6IkpXVCJ9.eyJfaWQiOiI1YWEwMmU5NDZkMjBjODAwMTQxYjk1NDEiLCJhY2Nlc3MiOiJhdXRoIiwiaWF0IjoxNTIwNTE5Mzg1fQ.5DZDj6ZCI6d9U-qKKvPVabIBQ7rFIoW92rL6dyDf06M","timestamp":"01:54:43"}
{"level":"info","message":"in routes - authenticate ","timestamp":"01:55:59"}
{"level":"info","message":"Token Received : eyJhbGciOiJIUzI1NiIsInR5cCI6IkpXVCJ9.eyJfaWQiOiI1YWEwMmU5NDZkMjBjODAwMTQxYjk1NDEiLCJhY2Nlc3MiOiJhdXRoIiwiaWF0IjoxNTIwNTE5Mzg1fQ.5DZDj6ZCI6d9U-qKKvPVabIBQ7rFIoW92rL6dyDf06M","timestamp":"01:55:59"}
{"level":"info","message":"User Received After Authetication: saifullah19q9@gmail.com","timestamp":"01:56:00"}
{"level":"info","message":"id : undefined","timestamp":"01:56:00"}
{"level":"info","message":"in routes - authenticate ","timestamp":"01:59:52"}
{"level":"info","message":"Token Received : eyJhbGciOiJIUzI1NiIsInR5cCI6IkpXVCJ9.eyJfaWQiOiI1YWEwMmU5NDZkMjBjODAwMTQxYjk1NDEiLCJhY2Nlc3MiOiJhdXRoIiwiaWF0IjoxNTIwNTE5Mzg1fQ.5DZDj6ZCI6d9U-qKKvPVabIBQ7rFIoW92rL6dyDf06M","timestamp":"01:59:52"}
{"level":"info","message":"User Received After Authetication: saifullah19q9@gmail.com","timestamp":"01:59:52"}
{"level":"info","message":"id : undefined","timestamp":"01:59:52"}
{"level":"info","message":"in routes - authenticate ","timestamp":"02:02:43"}
{"level":"info","message":"Token Received : eyJhbGciOiJIUzI1NiIsInR5cCI6IkpXVCJ9.eyJfaWQiOiI1YWEwMmU5NDZkMjBjODAwMTQxYjk1NDEiLCJhY2Nlc3MiOiJhdXRoIiwiaWF0IjoxNTIwNTE5Mzg1fQ.5DZDj6ZCI6d9U-qKKvPVabIBQ7rFIoW92rL6dyDf06M","timestamp":"02:02:43"}
{"level":"info","message":"User Received After Authetication: saifullah19q9@gmail.com","timestamp":"02:02:46"}
{"level":"info","message":"id : undefined","timestamp":"02:02:46"}
{"level":"info","message":"in routes - authenticate ","timestamp":"02:03:15"}
{"level":"info","message":"Token Received : eyJhbGciOiJIUzI1NiIsInR5cCI6IkpXVCJ9.eyJfaWQiOiI1YWEwMmU5NDZkMjBjODAwMTQxYjk1NDEiLCJhY2Nlc3MiOiJhdXRoIiwiaWF0IjoxNTIwNTE5Mzg1fQ.5DZDj6ZCI6d9U-qKKvPVabIBQ7rFIoW92rL6dyDf06M","timestamp":"02:03:15"}
{"level":"info","message":"User Received After Authetication: saifullah19q9@gmail.com","timestamp":"02:03:17"}
{"level":"info","message":"id : undefined","timestamp":"02:03:17"}
{"level":"info","message":"in routes - authenticate ","timestamp":"02:05:57"}
{"level":"info","message":"Token Received : eyJhbGciOiJIUzI1NiIsInR5cCI6IkpXVCJ9.eyJfaWQiOiI1YWEwMmU5NDZkMjBjODAwMTQxYjk1NDEiLCJhY2Nlc3MiOiJhdXRoIiwiaWF0IjoxNTIwNTE5Mzg1fQ.5DZDj6ZCI6d9U-qKKvPVabIBQ7rFIoW92rL6dyDf06M","timestamp":"02:05:57"}
{"level":"info","message":"User Received After Authetication: saifullah19q9@gmail.com","timestamp":"02:06:01"}
{"level":"info","message":"id : undefined","timestamp":"02:06:01"}
{"level":"info","message":"Response Of getImageGallery Method","timestamp":"02:06:02"}
